<?xml version="1.0" encoding="UTF-8"?>
<!-- Generated by org.testng.reporters.JUnitReportReporter -->
<testsuite hostname="DESKTOP-AANA9BE" failures="0" tests="2" name="CucumberOptions.TestNgRunner" time="97.301" errors="0" timestamp="2023-02-15T16:00:21 IST" skipped="0">
  <testcase classname="CucumberOptions.TestNgRunner" name="runScenario" time="27.728"/>
  <system-out/>
  <testcase classname="CucumberOptions.TestNgRunner" name="runScenario" time="69.573"/>
  <system-out/>
</testsuite> <!-- CucumberOptions.TestNgRunner -->
